{
  "stats": {
    "suites": 2,
    "tests": 22,
    "passes": 22,
    "pending": 0,
    "failures": 0,
    "start": "2021-11-30T15:09:16.692Z",
    "end": "2021-11-30T15:09:17.020Z",
    "duration": 328,
    "testsRegistered": 22,
    "passPercent": 100,
    "pendingPercent": 0,
    "other": 0,
    "hasOther": false,
    "skipped": 0,
    "hasSkipped": false
  },
  "results": [
    {
      "uuid": "6ed2bc7b-925d-4ddc-8a49-ea433e31e822",
      "title": "",
      "fullFile": "",
      "file": "",
      "beforeHooks": [],
      "afterHooks": [],
      "tests": [],
      "suites": [
        {
          "uuid": "82e4fe2b-4131-4de4-b53d-2d3fc6ed0936",
          "title": "test ",
          "fullFile": "/home/thaerbraizat/back-end/tests/task.spec.js",
          "file": "/tests/task.spec.js",
          "beforeHooks": [],
          "afterHooks": [],
          "tests": [
            {
              "title": "cant signin test with wrong  info ",
              "fullTitle": "test  cant signin test with wrong  info ",
              "timedOut": false,
              "duration": 33,
              "state": "passed",
              "speed": "fast",
              "pass": true,
              "fail": false,
              "pending": false,
              "context": null,
              "code": "const user = {\n  title: \"JUST TEST\",\n  qwe: \"123\",\n};\nchai\n  .request(app)\n  .post(\"/login\")\n  .send(user)\n  .end((err, response) => {\n    response.body.should.be.eq(\"Wrong!!!!!@!\");\n    done();\n  });",
              "err": {},
              "uuid": "d649d497-75be-4d29-ac14-9780b9e5d456",
              "parentUUID": "82e4fe2b-4131-4de4-b53d-2d3fc6ed0936",
              "isHook": false,
              "skipped": false
            },
            {
              "title": "It should add a new post  ",
              "fullTitle": "test  It should add a new post  ",
              "timedOut": false,
              "duration": 14,
              "state": "passed",
              "speed": "fast",
              "pass": true,
              "fail": false,
              "pending": false,
              "context": null,
              "code": "const post = {\n  title: \"tesst\",\n  body: \"qwqwq\",\n};\nchai\n  .request(app)\n  .post(\"/posts\")\n  .set(\"Authorization\", `Bearer ${token}`)\n  .send(post)\n  .end((err, response) => {\n    response.body.should.be.a(\"object\");\n    response.body.title.should.be.eq(\"tesst\");\n    response.body.body.should.be.eq(\"qwqwq\");\n\n    done();\n  });",
              "err": {},
              "uuid": "4ee3a879-b067-4441-8834-cf5cb46379ce",
              "parentUUID": "82e4fe2b-4131-4de4-b53d-2d3fc6ed0936",
              "isHook": false,
              "skipped": false
            },
            {
              "title": "It should get all posts  ",
              "fullTitle": "test  It should get all posts  ",
              "timedOut": false,
              "duration": 8,
              "state": "passed",
              "speed": "fast",
              "pass": true,
              "fail": false,
              "pending": false,
              "context": null,
              "code": "chai\n  .request(app)\n  .get(\"/posts\")\n  .set(\"Authorization\", `Bearer ${token}`)\n  .end((err, response) => {\n    response.body.should.be.a(\"array\");\n    done();\n  });",
              "err": {},
              "uuid": "f2ba573a-badc-4bd7-b69b-e153107979bd",
              "parentUUID": "82e4fe2b-4131-4de4-b53d-2d3fc6ed0936",
              "isHook": false,
              "skipped": false
            },
            {
              "title": "It should get  posts  by user id ",
              "fullTitle": "test  It should get  posts  by user id ",
              "timedOut": false,
              "duration": 4,
              "state": "passed",
              "speed": "fast",
              "pass": true,
              "fail": false,
              "pending": false,
              "context": null,
              "code": "chai\n  .request(app)\n  .get(\"/posts/1\")\n  .set(\"Authorization\", `Bearer ${token}`)\n  .end((err, response) => {\n    response.body.should.be.a(\"array\");\n    done();\n  });",
              "err": {},
              "uuid": "439ecfef-d926-43fd-b1b8-5462d2ca95fe",
              "parentUUID": "82e4fe2b-4131-4de4-b53d-2d3fc6ed0936",
              "isHook": false,
              "skipped": false
            },
            {
              "title": "It should delete post by POST id ",
              "fullTitle": "test  It should delete post by POST id ",
              "timedOut": false,
              "duration": 6,
              "state": "passed",
              "speed": "fast",
              "pass": true,
              "fail": false,
              "pending": false,
              "context": null,
              "code": "chai\n  .request(app)\n  .delete(\"/posts/1\")\n  .set(\"Authorization\", `Bearer ${token}`)\n  .end((err, response) => {\n    response.body.should.be.eq(\"post deleted !!\");\n    done();\n  });",
              "err": {},
              "uuid": "c3690c1f-c6db-41a6-91ac-7fae223f8e65",
              "parentUUID": "82e4fe2b-4131-4de4-b53d-2d3fc6ed0936",
              "isHook": false,
              "skipped": false
            },
            {
              "title": "cant update post not exsist ",
              "fullTitle": "test  cant update post not exsist ",
              "timedOut": false,
              "duration": 6,
              "state": "passed",
              "speed": "fast",
              "pass": true,
              "fail": false,
              "pending": false,
              "context": null,
              "code": "const obj = {\n  body: \"test update from test\",\n  title: \"update from test\",\n};\nchai\n  .request(app)\n  .put(\"/posts/123123\")\n  .set(\"Authorization\", `Bearer ${token}`)\n  .send(obj)\n  .end((err, response) => {\n    response.body.should.be.eq(\"cant find your post\");\n    done();\n  });",
              "err": {},
              "uuid": "2db86c0c-95c8-466f-bedf-f598aaee575f",
              "parentUUID": "82e4fe2b-4131-4de4-b53d-2d3fc6ed0936",
              "isHook": false,
              "skipped": false
            },
            {
              "title": "it should update post  ",
              "fullTitle": "test  it should update post  ",
              "timedOut": false,
              "duration": 7,
              "state": "passed",
              "speed": "fast",
              "pass": true,
              "fail": false,
              "pending": false,
              "context": null,
              "code": "const obj = {\n  body: \"test update from test\",\n  title: \"update from test\",\n};\nconst obj1 = {\n  body: \"test update from test\",\n  title: \"update from test\",\n  id: 2,\n};\nconst note = await postModel.create({\n  body: obj.body,\n  title: obj.title,\n  userId: 1,\n});\nconst response = await chai\n  .request(app)\n  .put(`/posts/${note.dataValues.id}`)\n  .set(\"Authorization\", `Bearer ${token}`)\n  .send(obj1);\nresponse.body.should.be.eq(\"post updated !!\");",
              "err": {},
              "uuid": "b30b900d-74f7-419b-90d6-3618d535e163",
              "parentUUID": "82e4fe2b-4131-4de4-b53d-2d3fc6ed0936",
              "isHook": false,
              "skipped": false
            },
            {
              "title": "cant add post wrong body",
              "fullTitle": "test  cant add post wrong body",
              "timedOut": false,
              "duration": 6,
              "state": "passed",
              "speed": "fast",
              "pass": true,
              "fail": false,
              "pending": false,
              "context": null,
              "code": "const post = {\n  usernamea: \"qweqwe\",\n};\nchai\n  .request(app)\n  .post(\"/posts\")\n  .set(\"Authorization\", `Bearer ${token}`)\n  .send(post)\n  .end((err, response) => {\n    response.body.should.be.eq(\"Cant add post\");\n    done();\n  });",
              "err": {},
              "uuid": "5e554480-c4a2-4178-afe9-850fd18a2eeb",
              "parentUUID": "82e4fe2b-4131-4de4-b53d-2d3fc6ed0936",
              "isHook": false,
              "skipped": false
            },
            {
              "title": "cant delete if you have wrong id ",
              "fullTitle": "test  cant delete if you have wrong id ",
              "timedOut": false,
              "duration": 4,
              "state": "passed",
              "speed": "fast",
              "pass": true,
              "fail": false,
              "pending": false,
              "context": null,
              "code": "chai\n  .request(app)\n  .delete(\"/posts/1\")\n  .set(\"Authorization\", `Bearer ${token}`)\n  .end((err, response) => {\n    response.body.should.be.eq(\"Cant delete\");\n    done();\n  });",
              "err": {},
              "uuid": "0f4af452-eb1c-4bde-b10f-691aa8e621d9",
              "parentUUID": "82e4fe2b-4131-4de4-b53d-2d3fc6ed0936",
              "isHook": false,
              "skipped": false
            },
            {
              "title": "No Authorization info  ",
              "fullTitle": "test  No Authorization info  ",
              "timedOut": false,
              "duration": 3,
              "state": "passed",
              "speed": "fast",
              "pass": true,
              "fail": false,
              "pending": false,
              "context": null,
              "code": "const post = {\n  title: \"tess\",\n  body: \"qwqwq\",\n};\nchai\n  .request(app)\n  .post(\"/posts\")\n  .send(post)\n  .end((err, response) => {\n    response.body.should.be.a(\"object\");\n    done();\n  });",
              "err": {},
              "uuid": "bb938626-2ba7-4681-9f87-04582ccc1a3f",
              "parentUUID": "82e4fe2b-4131-4de4-b53d-2d3fc6ed0936",
              "isHook": false,
              "skipped": false
            },
            {
              "title": "Invalid Token",
              "fullTitle": "test  Invalid Token",
              "timedOut": false,
              "duration": 4,
              "state": "passed",
              "speed": "fast",
              "pass": true,
              "fail": false,
              "pending": false,
              "context": null,
              "code": "const post = {\n  title: \"JUST TEST\",\n  body: \"123\",\n};\nchai\n  .request(app)\n  .post(\"/posts\")\n  .set(\"Authorization\", `Bearer ${\"wqeqweqweqweqew\"}`)\n  .send(post)\n  .end((err, response) => {\n    response.body.should.be.a(\"object\");\n    done();\n  });",
              "err": {},
              "uuid": "ff71c25c-ed50-488b-81c6-d54e6280b4e4",
              "parentUUID": "82e4fe2b-4131-4de4-b53d-2d3fc6ed0936",
              "isHook": false,
              "skipped": false
            },
            {
              "title": "It should add comment by POST id  q3123 ",
              "fullTitle": "test  It should add comment by POST id  q3123 ",
              "timedOut": false,
              "duration": 5,
              "state": "passed",
              "speed": "fast",
              "pass": true,
              "fail": false,
              "pending": false,
              "context": null,
              "code": "const obj = {\n  name: \"test add comment from test\",\n  email: \"comment from test\",\n  body: \"comment\",\n};\nchai\n  .request(app)\n  .post(\"/comments/1\")\n  .set(\"Authorization\", `Bearer ${token}`)\n  .send(obj)\n  .end((err, response) => {\n    response.body.should.be.a(\"object\");\n    done();\n  });",
              "err": {},
              "uuid": "181610d7-cc3c-4b10-8dc6-24d94296b93e",
              "parentUUID": "82e4fe2b-4131-4de4-b53d-2d3fc6ed0936",
              "isHook": false,
              "skipped": false
            },
            {
              "title": "It should get comment by id ",
              "fullTitle": "test  It should get comment by id ",
              "timedOut": false,
              "duration": 4,
              "state": "passed",
              "speed": "fast",
              "pass": true,
              "fail": false,
              "pending": false,
              "context": null,
              "code": "chai\n  .request(app)\n  .post(\"/comments/1\")\n  .set(\"Authorization\", `Bearer ${token}`)\n  .end((err, response) => {\n    response.body.should.be.eq(\"Cant add comment\");\n    done();\n  });",
              "err": {},
              "uuid": "a098a3a4-2085-4876-9ae5-f7ad12ce8bfe",
              "parentUUID": "82e4fe2b-4131-4de4-b53d-2d3fc6ed0936",
              "isHook": false,
              "skipped": false
            },
            {
              "title": "It should get all comments ",
              "fullTitle": "test  It should get all comments ",
              "timedOut": false,
              "duration": 7,
              "state": "passed",
              "speed": "fast",
              "pass": true,
              "fail": false,
              "pending": false,
              "context": null,
              "code": "chai\n  .request(app)\n  .get(\"/comments\")\n  .set(\"Authorization\", `Bearer ${token}`)\n  .end((err, response) => {\n    response.body.should.be.a(\"array\");\n    done();\n  });",
              "err": {},
              "uuid": "8fa79d06-d260-47b9-989d-bf2e9f51678b",
              "parentUUID": "82e4fe2b-4131-4de4-b53d-2d3fc6ed0936",
              "isHook": false,
              "skipped": false
            },
            {
              "title": "It should get comment by postId ",
              "fullTitle": "test  It should get comment by postId ",
              "timedOut": false,
              "duration": 5,
              "state": "passed",
              "speed": "fast",
              "pass": true,
              "fail": false,
              "pending": false,
              "context": null,
              "code": "chai\n  .request(app)\n  .get(\"/comments/1\")\n  .set(\"Authorization\", `Bearer ${token}`)\n  .end((err, response) => {\n    response.body.should.be.a(\"array\");\n    done();\n  });",
              "err": {},
              "uuid": "fcb8f74b-40ff-40cf-9aa2-02a837cdedd6",
              "parentUUID": "82e4fe2b-4131-4de4-b53d-2d3fc6ed0936",
              "isHook": false,
              "skipped": false
            }
          ],
          "suites": [
            {
              "uuid": "733494dd-92d4-4d51-acaf-15fbe9f130ee",
              "title": "test",
              "fullFile": "/home/thaerbraizat/back-end/tests/task.spec.js",
              "file": "/tests/task.spec.js",
              "beforeHooks": [],
              "afterHooks": [],
              "tests": [
                {
                  "title": "home route",
                  "fullTitle": "test  test home route",
                  "timedOut": false,
                  "duration": 2,
                  "state": "passed",
                  "speed": "fast",
                  "pass": true,
                  "fail": false,
                  "pending": false,
                  "context": null,
                  "code": "chai\n  .request(app)\n  .get(\"/\")\n  .end((err, res) => {\n    res.body.should.be.eq(\"Test WORKING FINE !!!! \");\n    done();\n  });",
                  "err": {},
                  "uuid": "8b06466e-f851-42fb-8a55-eba19d49c051",
                  "parentUUID": "733494dd-92d4-4d51-acaf-15fbe9f130ee",
                  "isHook": false,
                  "skipped": false
                },
                {
                  "title": "test all users",
                  "fullTitle": "test  test test all users",
                  "timedOut": false,
                  "duration": 4,
                  "state": "passed",
                  "speed": "fast",
                  "pass": true,
                  "fail": false,
                  "pending": false,
                  "context": null,
                  "code": "chai\n  .request(app)\n  .get(\"/users\")\n  .end((err, res) => {\n    res.body.should.be.a(\"array\");\n    done();\n  });",
                  "err": {},
                  "uuid": "06906c0a-d014-42f8-a6b5-a180b7caf295",
                  "parentUUID": "733494dd-92d4-4d51-acaf-15fbe9f130ee",
                  "isHook": false,
                  "skipped": false
                },
                {
                  "title": "wrong route",
                  "fullTitle": "test  test wrong route",
                  "timedOut": false,
                  "duration": 4,
                  "state": "passed",
                  "speed": "fast",
                  "pass": true,
                  "fail": false,
                  "pending": false,
                  "context": null,
                  "code": "chai\n  .request(app)\n  .get(\"/usersssss\")\n  .end((err, res) => {\n    res.should.have.status(404);\n    done();\n  });",
                  "err": {},
                  "uuid": "da8c1e30-9531-4e75-add2-8d1d55a6005c",
                  "parentUUID": "733494dd-92d4-4d51-acaf-15fbe9f130ee",
                  "isHook": false,
                  "skipped": false
                },
                {
                  "title": "It should POST a new user signup tessssssssssssssssssssssssssss",
                  "fullTitle": "test  test It should POST a new user signup tessssssssssssssssssssssssssss",
                  "timedOut": false,
                  "duration": 58,
                  "state": "passed",
                  "speed": "medium",
                  "pass": true,
                  "fail": false,
                  "pending": false,
                  "context": null,
                  "code": "const user = {\n  username: \"JUST TEST\",\n  password: \"123\",\n};\nchai\n  .request(app)\n  .post(\"/signup\")\n  .send(user)\n  .end((err, response) => {\n    response.body.should.be.a(\"object\");\n    response.body.username.should.be.eq(\"JUST TEST\")\n    done();\n  });",
                  "err": {},
                  "uuid": "4a153773-5bf9-4c79-9578-0d9729e34294",
                  "parentUUID": "733494dd-92d4-4d51-acaf-15fbe9f130ee",
                  "isHook": false,
                  "skipped": false
                },
                {
                  "title": "invalid signup ",
                  "fullTitle": "test  test invalid signup ",
                  "timedOut": false,
                  "duration": 3,
                  "state": "passed",
                  "speed": "fast",
                  "pass": true,
                  "fail": false,
                  "pending": false,
                  "context": null,
                  "code": "const user = {\n  userna123me: \"JUST TEST\",\n  passw213123ord: \"123\",\n};\nchai\n  .request(app)\n  .post(\"/signup\")\n  .send(user)\n  .end((err, response) => {\n    response.body.should.be.a(\"object\");\n    done();\n  });",
                  "err": {},
                  "uuid": "2e0ad60c-dbce-4294-95dd-8844b6195a62",
                  "parentUUID": "733494dd-92d4-4d51-acaf-15fbe9f130ee",
                  "isHook": false,
                  "skipped": false
                },
                {
                  "title": "It should signin  ",
                  "fullTitle": "test  test It should signin  ",
                  "timedOut": false,
                  "duration": 57,
                  "state": "passed",
                  "speed": "medium",
                  "pass": true,
                  "fail": false,
                  "pending": false,
                  "context": null,
                  "code": "const user = {\n  username: \"JUST TEST\",\n  password: \"123\",\n};\nchai\n  .request(app)\n  .post(\"/login\")\n  .send(user)\n  .end((err, response) => {\n    response.body.should.be.a(\"object\");\n    done();\n  });",
                  "err": {},
                  "uuid": "cbde2d35-9293-4fe7-80c2-a0e0ea68eaba",
                  "parentUUID": "733494dd-92d4-4d51-acaf-15fbe9f130ee",
                  "isHook": false,
                  "skipped": false
                },
                {
                  "title": "cant log in wrong password ",
                  "fullTitle": "test  test cant log in wrong password ",
                  "timedOut": false,
                  "duration": 57,
                  "state": "passed",
                  "speed": "medium",
                  "pass": true,
                  "fail": false,
                  "pending": false,
                  "context": null,
                  "code": "const user = {\n  username: \"JUST TEST\",\n  password: \"123qweqweqweqweqwe\",\n};\nchai\n  .request(app)\n  .post(\"/login\")\n  .send(user)\n  .end((err, response) => {\n    response.body.should.be.eq(\"WORNG LOGIN!!!\");\n    done();\n  });",
                  "err": {},
                  "uuid": "90ceabdf-2c07-4664-9132-165b16aeeb0b",
                  "parentUUID": "733494dd-92d4-4d51-acaf-15fbe9f130ee",
                  "isHook": false,
                  "skipped": false
                }
              ],
              "suites": [],
              "passes": [
                "8b06466e-f851-42fb-8a55-eba19d49c051",
                "06906c0a-d014-42f8-a6b5-a180b7caf295",
                "da8c1e30-9531-4e75-add2-8d1d55a6005c",
                "4a153773-5bf9-4c79-9578-0d9729e34294",
                "2e0ad60c-dbce-4294-95dd-8844b6195a62",
                "cbde2d35-9293-4fe7-80c2-a0e0ea68eaba",
                "90ceabdf-2c07-4664-9132-165b16aeeb0b"
              ],
              "failures": [],
              "pending": [],
              "skipped": [],
              "duration": 185,
              "root": false,
              "rootEmpty": false,
              "_timeout": 50000
            }
          ],
          "passes": [
            "d649d497-75be-4d29-ac14-9780b9e5d456",
            "4ee3a879-b067-4441-8834-cf5cb46379ce",
            "f2ba573a-badc-4bd7-b69b-e153107979bd",
            "439ecfef-d926-43fd-b1b8-5462d2ca95fe",
            "c3690c1f-c6db-41a6-91ac-7fae223f8e65",
            "2db86c0c-95c8-466f-bedf-f598aaee575f",
            "b30b900d-74f7-419b-90d6-3618d535e163",
            "5e554480-c4a2-4178-afe9-850fd18a2eeb",
            "0f4af452-eb1c-4bde-b10f-691aa8e621d9",
            "bb938626-2ba7-4681-9f87-04582ccc1a3f",
            "ff71c25c-ed50-488b-81c6-d54e6280b4e4",
            "181610d7-cc3c-4b10-8dc6-24d94296b93e",
            "a098a3a4-2085-4876-9ae5-f7ad12ce8bfe",
            "8fa79d06-d260-47b9-989d-bf2e9f51678b",
            "fcb8f74b-40ff-40cf-9aa2-02a837cdedd6"
          ],
          "failures": [],
          "pending": [],
          "skipped": [],
          "duration": 116,
          "root": false,
          "rootEmpty": false,
          "_timeout": 50000
        }
      ],
      "passes": [],
      "failures": [],
      "pending": [],
      "skipped": [],
      "duration": 0,
      "root": true,
      "rootEmpty": true,
      "_timeout": 50000
    }
  ],
  "meta": {
    "mocha": {
      "version": "8.4.0"
    },
    "mochawesome": {
      "options": {
        "quiet": false,
        "reportFilename": "index",
        "saveHtml": true,
        "saveJson": true,
        "consoleReporter": "spec",
        "useInlineDiffs": false,
        "code": true
      },
      "version": "7.0.1"
    },
    "marge": {
      "options": {
        "reportFilename": "index"
      },
      "version": "6.0.1"
    }
  }
}