{
  "stats": {
    "suites": 2,
    "tests": 23,
    "passes": 23,
    "pending": 0,
    "failures": 0,
    "start": "2021-11-30T14:42:02.239Z",
    "end": "2021-11-30T14:42:02.655Z",
    "duration": 416,
    "testsRegistered": 23,
    "passPercent": 100,
    "pendingPercent": 0,
    "other": 0,
    "hasOther": false,
    "skipped": 0,
    "hasSkipped": false
  },
  "results": [
    {
      "uuid": "26fcc287-2f7f-4997-a37d-db56fa6bfe14",
      "title": "",
      "fullFile": "",
      "file": "",
      "beforeHooks": [],
      "afterHooks": [],
      "tests": [],
      "suites": [
        {
          "uuid": "f938a329-63b9-40ab-8f09-15e35c2f197c",
          "title": "test ",
          "fullFile": "/home/thaerbraizat/back-end/tests/task.spec.js",
          "file": "/tests/task.spec.js",
          "beforeHooks": [],
          "afterHooks": [],
          "tests": [
            {
              "title": "cant signin test with wrong  info ",
              "fullTitle": "test  cant signin test with wrong  info ",
              "timedOut": false,
              "duration": 50,
              "state": "passed",
              "speed": "medium",
              "pass": true,
              "fail": false,
              "pending": false,
              "context": null,
              "code": "const user = {\n  title: \"JUST TEST\",\n  qwe: \"123\",\n};\nchai\n  .request(app)\n  .post(\"/login\")\n  .send(user)\n  .end((err, response) => {\n    response.body.should.be.eq(\"Wrong!!!!!@!\");\n    done();\n  });",
              "err": {},
              "uuid": "3ce67a88-a8f7-4821-9461-54bd6706af17",
              "parentUUID": "f938a329-63b9-40ab-8f09-15e35c2f197c",
              "isHook": false,
              "skipped": false
            },
            {
              "title": "It should add a new post  ",
              "fullTitle": "test  It should add a new post  ",
              "timedOut": false,
              "duration": 18,
              "state": "passed",
              "speed": "fast",
              "pass": true,
              "fail": false,
              "pending": false,
              "context": null,
              "code": "const post = {\n  title: \"tesst\",\n  body: \"qwqwq\",\n};\nchai\n  .request(app)\n  .post(\"/posts\")\n  .set(\"Authorization\", `Bearer ${token}`)\n  .send(post)\n  .end((err, response) => {\n    response.body.should.be.a(\"object\");\n    // response.should.have.status(200);\n    done();\n  });",
              "err": {},
              "uuid": "6e8fbfc5-dfcf-48a6-92e0-78b85220fc9e",
              "parentUUID": "f938a329-63b9-40ab-8f09-15e35c2f197c",
              "isHook": false,
              "skipped": false
            },
            {
              "title": "It should get all posts  ",
              "fullTitle": "test  It should get all posts  ",
              "timedOut": false,
              "duration": 5,
              "state": "passed",
              "speed": "fast",
              "pass": true,
              "fail": false,
              "pending": false,
              "context": null,
              "code": "chai\n  .request(app)\n  .get(\"/posts\")\n  .set(\"Authorization\", `Bearer ${token}`)\n  .end((err, response) => {\n    response.body.should.be.a(\"array\");\n    // should be array\n    done();\n  });",
              "err": {},
              "uuid": "4ec9c23c-d49e-470a-97eb-efaf5c0638fa",
              "parentUUID": "f938a329-63b9-40ab-8f09-15e35c2f197c",
              "isHook": false,
              "skipped": false
            },
            {
              "title": "It should get  posts  by user id ",
              "fullTitle": "test  It should get  posts  by user id ",
              "timedOut": false,
              "duration": 5,
              "state": "passed",
              "speed": "fast",
              "pass": true,
              "fail": false,
              "pending": false,
              "context": null,
              "code": "chai\n  .request(app)\n  .get(\"/posts/1\")\n  .set(\"Authorization\", `Bearer ${token}`)\n  .end((err, response) => {\n    response.body.should.be.a(\"array\");\n    // should be array\n    done();\n  });",
              "err": {},
              "uuid": "974f9ac9-23c0-4460-94c1-a1340c78d70d",
              "parentUUID": "f938a329-63b9-40ab-8f09-15e35c2f197c",
              "isHook": false,
              "skipped": false
            },
            {
              "title": "It should delete post by POST id ",
              "fullTitle": "test  It should delete post by POST id ",
              "timedOut": false,
              "duration": 8,
              "state": "passed",
              "speed": "fast",
              "pass": true,
              "fail": false,
              "pending": false,
              "context": null,
              "code": "chai\n  .request(app)\n  .delete(\"/posts/1\")\n  .set(\"Authorization\", `Bearer ${token}`)\n  .end((err, response) => {\n    response.body.should.be.eq(\"post deleted !!\");\n    // response.body.should.be.eq(\"post deleted !!\")\n    // should be array\n    done();\n  });",
              "err": {},
              "uuid": "e23ee672-cfbe-4fb8-83c5-5dfeb9cebee9",
              "parentUUID": "f938a329-63b9-40ab-8f09-15e35c2f197c",
              "isHook": false,
              "skipped": false
            },
            {
              "title": "cant update post not exsist ",
              "fullTitle": "test  cant update post not exsist ",
              "timedOut": false,
              "duration": 7,
              "state": "passed",
              "speed": "fast",
              "pass": true,
              "fail": false,
              "pending": false,
              "context": null,
              "code": "const obj = {\n  body: \"test update from test\",\n  title: \"update from test\",\n};\nchai\n  .request(app)\n  .put(\"/posts/123123\")\n  .set(\"Authorization\", `Bearer ${token}`)\n  .send(obj)\n  .end((err, response) => {\n    response.body.should.be.eq(\"cant find your post\");\n    done();\n  });",
              "err": {},
              "uuid": "73914341-6d12-471c-9d15-f13f10613928",
              "parentUUID": "f938a329-63b9-40ab-8f09-15e35c2f197c",
              "isHook": false,
              "skipped": false
            },
            {
              "title": "it should update post  ",
              "fullTitle": "test  it should update post  ",
              "timedOut": false,
              "duration": 7,
              "state": "passed",
              "speed": "fast",
              "pass": true,
              "fail": false,
              "pending": false,
              "context": null,
              "code": "const obj = {\n  body: \"test update from test\",\n  title: \"update from test\",\n};\nconst obj1 = {\n  body: \"test update from test\",\n  title: \"update from test\",\n  id: 2,\n};\nconst note = await postModel.create({\n  body: obj.body,\n  title: obj.title,\n  userId: 1,\n});\nconst response = await chai\n  .request(app)\n  .put(`/posts/${note.dataValues.id}`)\n  .set(\"Authorization\", `Bearer ${token}`)\n  .send(obj1);\nresponse.body.should.be.eq(\"post updated !!\");",
              "err": {},
              "uuid": "90cc2835-c778-4298-a794-edf1b5178467",
              "parentUUID": "f938a329-63b9-40ab-8f09-15e35c2f197c",
              "isHook": false,
              "skipped": false
            },
            {
              "title": "cant add post wrong body",
              "fullTitle": "test  cant add post wrong body",
              "timedOut": false,
              "duration": 4,
              "state": "passed",
              "speed": "fast",
              "pass": true,
              "fail": false,
              "pending": false,
              "context": null,
              "code": "const post = {\n  usernamea: \"qweqwe\",\n};\nchai\n  .request(app)\n  .post(\"/posts\")\n  .set(\"Authorization\", `Bearer ${token}`)\n  .send(post)\n  .end((err, response) => {\n    response.body.should.be.eq(\"Cant add post\");\n    // should be array\n    done();\n  });",
              "err": {},
              "uuid": "af7bcb3a-a597-48c5-a1d2-0a507ec356ee",
              "parentUUID": "f938a329-63b9-40ab-8f09-15e35c2f197c",
              "isHook": false,
              "skipped": false
            },
            {
              "title": "cant delete if you have wrong id ",
              "fullTitle": "test  cant delete if you have wrong id ",
              "timedOut": false,
              "duration": 4,
              "state": "passed",
              "speed": "fast",
              "pass": true,
              "fail": false,
              "pending": false,
              "context": null,
              "code": "chai\n  .request(app)\n  .delete(\"/posts/1\")\n  .set(\"Authorization\", `Bearer ${token}`)\n  .end((err, response) => {\n    response.body.should.be.eq(\"Cant delete\");\n    // response.body.should.be.eq(\"post deleted !!\")\n    // should be array\n    done();\n  });",
              "err": {},
              "uuid": "d86293f3-b003-462b-bd58-601e83c48b06",
              "parentUUID": "f938a329-63b9-40ab-8f09-15e35c2f197c",
              "isHook": false,
              "skipped": false
            },
            {
              "title": "No Authorization info  ",
              "fullTitle": "test  No Authorization info  ",
              "timedOut": false,
              "duration": 5,
              "state": "passed",
              "speed": "fast",
              "pass": true,
              "fail": false,
              "pending": false,
              "context": null,
              "code": "const post = {\n  title: \"tess\",\n  body: \"qwqwq\",\n};\nchai\n  .request(app)\n  .post(\"/posts\")\n  .send(post)\n  .end((err, response) => {\n    response.body.should.be.a(\"object\");\n    // response.should.have.status(200);\n    done();\n  });",
              "err": {},
              "uuid": "401d5bbd-dd5a-4a5a-aa55-e1352c4cd943",
              "parentUUID": "f938a329-63b9-40ab-8f09-15e35c2f197c",
              "isHook": false,
              "skipped": false
            },
            {
              "title": "Invalid Token",
              "fullTitle": "test  Invalid Token",
              "timedOut": false,
              "duration": 3,
              "state": "passed",
              "speed": "fast",
              "pass": true,
              "fail": false,
              "pending": false,
              "context": null,
              "code": "const post = {\n  title: \"JUST TEST\",\n  body: \"123\",\n};\nchai\n  .request(app)\n  .post(\"/posts\")\n  .set(\"Authorization\", `Bearer ${\"wqeqweqweqweqew\"}`)\n  .send(post)\n  .end((err, response) => {\n    response.body.should.be.a(\"object\");\n    done();\n  });",
              "err": {},
              "uuid": "736e8f92-209b-49c6-82bd-3f8de0d90689",
              "parentUUID": "f938a329-63b9-40ab-8f09-15e35c2f197c",
              "isHook": false,
              "skipped": false
            },
            {
              "title": "It should add comment by POST id  q3123 ",
              "fullTitle": "test  It should add comment by POST id  q3123 ",
              "timedOut": false,
              "duration": 5,
              "state": "passed",
              "speed": "fast",
              "pass": true,
              "fail": false,
              "pending": false,
              "context": null,
              "code": "const obj = {\n  name: \"test add comment from test\",\n  email: \"comment from test\",\n  body: \"comment\",\n};\nchai\n  .request(app)\n  .post(\"/comments/1\")\n  .set(\"Authorization\", `Bearer ${token}`)\n  .send(obj)\n  .end((err, response) => {\n    response.body.should.be.a(\"object\");\n    done();\n  });",
              "err": {},
              "uuid": "aa08589f-cba3-4610-a7c2-967351b72f4a",
              "parentUUID": "f938a329-63b9-40ab-8f09-15e35c2f197c",
              "isHook": false,
              "skipped": false
            },
            {
              "title": "It should get comment by id ",
              "fullTitle": "test  It should get comment by id ",
              "timedOut": false,
              "duration": 4,
              "state": "passed",
              "speed": "fast",
              "pass": true,
              "fail": false,
              "pending": false,
              "context": null,
              "code": "chai\n  .request(app)\n  .post(\"/comments/1\")\n  .set(\"Authorization\", `Bearer ${token}`)\n  .end((err, response) => {\n    response.body.should.be.eq(\"Cant add comment\");\n    done();\n  });",
              "err": {},
              "uuid": "a3e5766e-4268-4beb-a2c5-5ed05bfb3be4",
              "parentUUID": "f938a329-63b9-40ab-8f09-15e35c2f197c",
              "isHook": false,
              "skipped": false
            },
            {
              "title": "It should get all comments ",
              "fullTitle": "test  It should get all comments ",
              "timedOut": false,
              "duration": 4,
              "state": "passed",
              "speed": "fast",
              "pass": true,
              "fail": false,
              "pending": false,
              "context": null,
              "code": "chai\n  .request(app)\n  .get(\"/comments\")\n  .set(\"Authorization\", `Bearer ${token}`)\n  .end((err, response) => {\n    response.body.should.be.a(\"array\");\n    done();\n  });",
              "err": {},
              "uuid": "11e06988-c499-45c8-a8d5-54eeef3e87e1",
              "parentUUID": "f938a329-63b9-40ab-8f09-15e35c2f197c",
              "isHook": false,
              "skipped": false
            },
            {
              "title": "It should get comment by postId ",
              "fullTitle": "test  It should get comment by postId ",
              "timedOut": false,
              "duration": 4,
              "state": "passed",
              "speed": "fast",
              "pass": true,
              "fail": false,
              "pending": false,
              "context": null,
              "code": "chai\n  .request(app)\n  .get(\"/comments/1\")\n  .set(\"Authorization\", `Bearer ${token}`)\n  .end((err, response) => {\n    response.body.should.be.a(\"array\");\n    done();\n  });",
              "err": {},
              "uuid": "85b86efb-9229-4d23-86be-1df49d5f0699",
              "parentUUID": "f938a329-63b9-40ab-8f09-15e35c2f197c",
              "isHook": false,
              "skipped": false
            },
            {
              "title": "It should get comment by postId ",
              "fullTitle": "test  It should get comment by postId ",
              "timedOut": false,
              "duration": 4,
              "state": "passed",
              "speed": "fast",
              "pass": true,
              "fail": false,
              "pending": false,
              "context": null,
              "code": "chai\n  .request(app)\n  .get(\"/comments/1\")\n  .set(\"Authorization\", `Bearer ${token}`)\n  .end((err, response) => {\n    response.body.should.be.a(\"array\");\n    done();\n  });",
              "err": {},
              "uuid": "934fbac4-8ba8-4595-987d-8e3a91119648",
              "parentUUID": "f938a329-63b9-40ab-8f09-15e35c2f197c",
              "isHook": false,
              "skipped": false
            }
          ],
          "suites": [
            {
              "uuid": "2b2e5419-e0ee-4578-9856-0c54a8eb5309",
              "title": "test",
              "fullFile": "/home/thaerbraizat/back-end/tests/task.spec.js",
              "file": "/tests/task.spec.js",
              "beforeHooks": [],
              "afterHooks": [],
              "tests": [
                {
                  "title": "home route",
                  "fullTitle": "test  test home route",
                  "timedOut": false,
                  "duration": 3,
                  "state": "passed",
                  "speed": "fast",
                  "pass": true,
                  "fail": false,
                  "pending": false,
                  "context": null,
                  "code": "chai\n  .request(app)\n  .get(\"/\")\n  .end((err, res) => {\n    res.body.should.be.eq(\"Test WORKING FINE !!!! \");\n    done();\n  });",
                  "err": {},
                  "uuid": "49aa131f-6c8c-4a93-bc90-88fc1420840e",
                  "parentUUID": "2b2e5419-e0ee-4578-9856-0c54a8eb5309",
                  "isHook": false,
                  "skipped": false
                },
                {
                  "title": "test all users",
                  "fullTitle": "test  test test all users",
                  "timedOut": false,
                  "duration": 5,
                  "state": "passed",
                  "speed": "fast",
                  "pass": true,
                  "fail": false,
                  "pending": false,
                  "context": null,
                  "code": "chai\n  .request(app)\n  .get(\"/users\")\n  .end((err, res) => {\n    res.body.should.be.a(\"array\");\n    done();\n  });",
                  "err": {},
                  "uuid": "1e7f3d6f-bc42-4f5f-857e-c8b301bec8a9",
                  "parentUUID": "2b2e5419-e0ee-4578-9856-0c54a8eb5309",
                  "isHook": false,
                  "skipped": false
                },
                {
                  "title": "wrong route",
                  "fullTitle": "test  test wrong route",
                  "timedOut": false,
                  "duration": 3,
                  "state": "passed",
                  "speed": "fast",
                  "pass": true,
                  "fail": false,
                  "pending": false,
                  "context": null,
                  "code": "chai\n  .request(app)\n  .get(\"/usersssss\")\n  .end((err, res) => {\n    res.should.have.status(404);\n    done();\n  });",
                  "err": {},
                  "uuid": "faf462fb-c0f5-496e-b7bd-49660e85a886",
                  "parentUUID": "2b2e5419-e0ee-4578-9856-0c54a8eb5309",
                  "isHook": false,
                  "skipped": false
                },
                {
                  "title": "It should POST a new user signup tessssssssssssssssssssssssssss",
                  "fullTitle": "test  test It should POST a new user signup tessssssssssssssssssssssssssss",
                  "timedOut": false,
                  "duration": 79,
                  "state": "passed",
                  "speed": "slow",
                  "pass": true,
                  "fail": false,
                  "pending": false,
                  "context": null,
                  "code": "const user = {\n  username: \"JUST TEST\",\n  password: \"123\",\n};\nchai\n  .request(app)\n  .post(\"/signup\")\n  .send(user)\n  .end((err, response) => {\n    response.body.should.be.a(\"object\");\n    done();\n  });",
                  "err": {},
                  "uuid": "f8494527-936d-4b40-8219-772324d0a6a6",
                  "parentUUID": "2b2e5419-e0ee-4578-9856-0c54a8eb5309",
                  "isHook": false,
                  "skipped": false
                },
                {
                  "title": "invalid signup ",
                  "fullTitle": "test  test invalid signup ",
                  "timedOut": false,
                  "duration": 2,
                  "state": "passed",
                  "speed": "fast",
                  "pass": true,
                  "fail": false,
                  "pending": false,
                  "context": null,
                  "code": "const user = {\n  userna123me: \"JUST TEST\",\n  passw213123ord: \"123\",\n};\nchai\n  .request(app)\n  .post(\"/signup\")\n  .send(user)\n  .end((err, response) => {\n    response.body.should.be.a(\"object\");\n    done();\n  });",
                  "err": {},
                  "uuid": "0e312945-9d45-4dbe-9fb7-222d4bf31968",
                  "parentUUID": "2b2e5419-e0ee-4578-9856-0c54a8eb5309",
                  "isHook": false,
                  "skipped": false
                },
                {
                  "title": "It should signin  ",
                  "fullTitle": "test  test It should signin  ",
                  "timedOut": false,
                  "duration": 83,
                  "state": "passed",
                  "speed": "slow",
                  "pass": true,
                  "fail": false,
                  "pending": false,
                  "context": null,
                  "code": "const user = {\n  username: \"JUST TEST\",\n  password: \"123\",\n};\nchai\n  .request(app)\n  .post(\"/login\")\n  .send(user)\n  .end((err, response) => {\n    response.body.should.be.a(\"object\");\n    done();\n  });",
                  "err": {},
                  "uuid": "d65f1211-3e1f-4950-8f82-036411a3b210",
                  "parentUUID": "2b2e5419-e0ee-4578-9856-0c54a8eb5309",
                  "isHook": false,
                  "skipped": false
                },
                {
                  "title": "cant log in wrong password ",
                  "fullTitle": "test  test cant log in wrong password ",
                  "timedOut": false,
                  "duration": 83,
                  "state": "passed",
                  "speed": "slow",
                  "pass": true,
                  "fail": false,
                  "pending": false,
                  "context": null,
                  "code": "const user = {\n  username: \"JUST TEST\",\n  password: \"123qweqweqweqweqwe\",\n};\nchai\n  .request(app)\n  .post(\"/login\")\n  .send(user)\n  .end((err, response) => {\n    response.body.should.be.eq(\"WORNG LOGIN!!!\");\n    done();\n  });",
                  "err": {},
                  "uuid": "8809257e-c373-4ee9-b31a-cae182cdeb0b",
                  "parentUUID": "2b2e5419-e0ee-4578-9856-0c54a8eb5309",
                  "isHook": false,
                  "skipped": false
                }
              ],
              "suites": [],
              "passes": [
                "49aa131f-6c8c-4a93-bc90-88fc1420840e",
                "1e7f3d6f-bc42-4f5f-857e-c8b301bec8a9",
                "faf462fb-c0f5-496e-b7bd-49660e85a886",
                "f8494527-936d-4b40-8219-772324d0a6a6",
                "0e312945-9d45-4dbe-9fb7-222d4bf31968",
                "d65f1211-3e1f-4950-8f82-036411a3b210",
                "8809257e-c373-4ee9-b31a-cae182cdeb0b"
              ],
              "failures": [],
              "pending": [],
              "skipped": [],
              "duration": 258,
              "root": false,
              "rootEmpty": false,
              "_timeout": 50000
            }
          ],
          "passes": [
            "3ce67a88-a8f7-4821-9461-54bd6706af17",
            "6e8fbfc5-dfcf-48a6-92e0-78b85220fc9e",
            "4ec9c23c-d49e-470a-97eb-efaf5c0638fa",
            "974f9ac9-23c0-4460-94c1-a1340c78d70d",
            "e23ee672-cfbe-4fb8-83c5-5dfeb9cebee9",
            "73914341-6d12-471c-9d15-f13f10613928",
            "90cc2835-c778-4298-a794-edf1b5178467",
            "af7bcb3a-a597-48c5-a1d2-0a507ec356ee",
            "d86293f3-b003-462b-bd58-601e83c48b06",
            "401d5bbd-dd5a-4a5a-aa55-e1352c4cd943",
            "736e8f92-209b-49c6-82bd-3f8de0d90689",
            "aa08589f-cba3-4610-a7c2-967351b72f4a",
            "a3e5766e-4268-4beb-a2c5-5ed05bfb3be4",
            "11e06988-c499-45c8-a8d5-54eeef3e87e1",
            "85b86efb-9229-4d23-86be-1df49d5f0699",
            "934fbac4-8ba8-4595-987d-8e3a91119648"
          ],
          "failures": [],
          "pending": [],
          "skipped": [],
          "duration": 137,
          "root": false,
          "rootEmpty": false,
          "_timeout": 50000
        }
      ],
      "passes": [],
      "failures": [],
      "pending": [],
      "skipped": [],
      "duration": 0,
      "root": true,
      "rootEmpty": true,
      "_timeout": 50000
    }
  ],
  "meta": {
    "mocha": {
      "version": "8.4.0"
    },
    "mochawesome": {
      "options": {
        "quiet": false,
        "reportFilename": "index",
        "saveHtml": true,
        "saveJson": true,
        "consoleReporter": "spec",
        "useInlineDiffs": false,
        "code": true
      },
      "version": "7.0.1"
    },
    "marge": {
      "options": {
        "reportFilename": "index"
      },
      "version": "6.0.1"
    }
  }
}